


ARM Macro Assembler    Page 1 


    1 00000000                 AREA             DATA,ALIGN=2
    2 00000000 00 00 00 
              00       T       SPACE            4
    3 00000004 00 00 00 
              00       N       SPACE            4
    4 00000008                 AREA             |.text|,CODE,READONLY,ALIGN=2
    5 00000000                 THUMB
    6 00000000                 EXPORT           main
    7 00000000         main
    8 00000000 F04F 0000 
                       Test3   MOV              R0,#0
    9 00000004 490B            LDR              R1,=N       ;pointer to N
   10 00000006 4A0C            LDR              R2,=T       ;pointer to T
   11 00000008 EDDF 0A0C       VLDR.F32         S1,=0.009768
   12 0000000C EEB2 1A04       VLDR.F32         S2,=10
   13 00000010 6008    loop3   STR              R0,[R1]
   14 00000012 EE00 0A10       VMOV.F32         S0,R0
   15 00000016 EEB8 0A40       VCVT.F32.U32     S0,S0       ;S0 has N
   16 0000001A EE20 0A20       VMUL.F32         S0,S0,S1    ;N*0.09768
   17 0000001E EE30 0A01       VADD.F32         S0,S0,S2    ;10 + N*0.0968
   18 00000022 ED82 0A00       VSTR.F32         S0,[R2]     ;T=10+N*0.0968
   19 00000026 F100 0001       ADD              R0,R0,#1
   20 0000002A F5B0 5F80       CMP              R0,#4096
   21 0000002E D1EF            BNE              loop3
   22 00000030 4770            BX               LR
   23 00000032                 END
              00 00 00000000 
              00000000 
              3C2009F6 
Command Line: --debug --xref --diag_suppress=9931 --cpu=Cortex-M4.fp --apcs=int
erwork --depend=.\objects\main.d -o.\objects\main.o -I.\RTE\_Target_1 -IC:\Keil
_v5\ARM\PACK\ARM\CMSIS\5.4.0\CMSIS\Core\Include -IC:\Keil_v5\ARM\PACK\Keil\TM4C
_DFP\1.1.0\Device\Include\TM4C123 --predefine="__EVAL SETA 1" --predefine="__UV
ISION_VERSION SETA 524" --predefine="_RTE_ SETA 1" --predefine="TM4C123GH6PM SE
TA 1" --list=.\listings\main.lst main.s



ARM Macro Assembler    Page 1 Alphabetic symbol ordering
Relocatable symbols

DATA 00000000

Symbol: DATA
   Definitions
      At line 1 in file main.s
   Uses
      None
Comment: DATA unused
N 00000004

Symbol: N
   Definitions
      At line 3 in file main.s
   Uses
      At line 9 in file main.s
Comment: N used once
T 00000000

Symbol: T
   Definitions
      At line 2 in file main.s
   Uses
      At line 10 in file main.s
Comment: T used once
3 symbols



ARM Macro Assembler    Page 1 Alphabetic symbol ordering
Relocatable symbols

.text 00000000

Symbol: .text
   Definitions
      At line 4 in file main.s
   Uses
      None
Comment: .text unused
Test3 00000000

Symbol: Test3
   Definitions
      At line 8 in file main.s
   Uses
      None
Comment: Test3 unused
loop3 00000010

Symbol: loop3
   Definitions
      At line 13 in file main.s
   Uses
      At line 21 in file main.s
Comment: loop3 used once
main 00000000

Symbol: main
   Definitions
      At line 7 in file main.s
   Uses
      At line 6 in file main.s
Comment: main used once
4 symbols
344 symbols in table
